<?xml version="1.0" encoding="UTF-8"?>
<testsuite name="uk.co.interviewprep3.GameBoardTest" tests="6" skipped="0" failures="0" errors="0" timestamp="2021-03-23T07:12:15" hostname="SKYLT0517936.bskyb.com" time="0.015">
  <properties/>
  <testcase name="checkConsecutiveVerticalForFirstColumn" classname="uk.co.interviewprep3.GameBoardTest" time="0.003"/>
  <testcase name="correctlyOutputStateAfterMoves" classname="uk.co.interviewprep3.GameBoardTest" time="0.009"/>
  <testcase name="checkConsecutiveVerticaAcrossColumns" classname="uk.co.interviewprep3.GameBoardTest" time="0.0"/>
  <testcase name="initialiseGameBoard" classname="uk.co.interviewprep3.GameBoardTest" time="0.0"/>
  <testcase name="checkConsecutiveHorizontalForFirstRow" classname="uk.co.interviewprep3.GameBoardTest" time="0.0"/>
  <testcase name="checkForHorizontalAcrossRows" classname="uk.co.interviewprep3.GameBoardTest" time="0.0"/>
  <system-out><![CDATA[.......
.......
.......
.......
.......
X......
.......
.......
.......
.......
O......
X......
.......
.......
.......
X......
O......
X......
.......
.......
.......
X......
O......
X.X....
.......
.......
.......
X......
O......
XOX....
.......
.......
.......
X......
O.X....
XOX....
.......
.......
.......
.......
.......
.......
]]></system-out>
  <system-err><![CDATA[]]></system-err>
</testsuite>
